Visual Studio Code (1.67.0, undefined, desktop)
Jupyter Extension Version: 2022.4.1021342353.
Python Extension Version: 2022.6.2.
Workspace folder /home/nyro/Projects/REMAX/remaxbackend
info 14:35:41.625: ZMQ install verified.
User belongs to experiment group 'jupyterTest'
User belongs to experiment group 'jupyterEnhancedDataViewer'
info 14:35:42.53: Experiment status for python is {"enabled":true,"optInto":[],"optOutFrom":[]}
info 14:35:42.118: Process Execution: > /bin/python -m pip list
> /bin/python -m pip list
info 14:35:42.155: Process Execution: > /bin/python -c "import pip"
> /bin/python -c "import pip"
info 14:36:24.137: Activation Commands received source /home/nyro/Projects/REMAX/venv/bin/activate for shell bash
info 14:36:24.203: Process Execution: > ~/Projects/REMAX/venv/bin/python3.10 -m pip list
> ~/Projects/REMAX/venv/bin/python3.10 -m pip list
info 15:14:22.590: Shutting down notebooks for b978be4e-c38c-41a3-b0b1-7f581b034ec8
info 15:14:22.590: Disposing HostJupyterExecution d49849e8-79a3-4b71-937c-4317be3d5516
info 15:14:22.590: Disposing super HostJupyterExecution d49849e8-79a3-4b71-937c-4317be3d5516
info 15:14:22.591: Disposing HostJupyterExecution d49849e8-79a3-4b71-937c-4317be3d5516
info 15:14:22.591: Finished disposing HostJupyterExecution  d49849e8-79a3-4b71-937c-4317be3d5516
info 15:14:22.596: Cleaning up server cache d49849e8-79a3-4b71-937c-4317be3d5516
info 15:14:22.596: Finished disposing HostJupyterExecution  d49849e8-79a3-4b71-937c-4317be3d5516
