[10612][1652731918560][shell][info]["EventBus~initialize - Success"]
[10612][1652731918566][shell][info]["bootShellCrashReporter~ Success"]
[10612][1652731918815][shell][info]["shellController~init: Success"]
[10612][1652731918816][shell][info]["shellMeta~init: Success"]
[10612][1652731918816][shell][info]["partitionMigrationService: State of V7 partition:"]
[10612][1652731918816][shell][info]["partitionMigrationService: V7 partitions",[]]
[10612][1652731918816][shell][info]["partitionMigrationService: V7 lastActiveUser",null]
[10612][1652731918816][shell][info]["partitionMigrationService: V7 activePartition",null]
[10612][1652731918817][shell][info]["partitionMigrationService: V7 isPartitionDirty",null]
[10612][1652731918817][shell][info]["partitionMigrationService~rectifyNamespaceOfScratchPadPartition: There is no partition with scratchpad namespace"]
[10612][1652731918817][shell][info]["partitionMigrationService~rectifyNamespaceOfScratchPadPartition: There is no transit partition which could have been used for scratchpad"]
[10612][1652731918817][shell][info]["partitionMigrationService~init: Success"]
[10612][1652731918817][shell][info]["partitionMigrationService~runV8PartitionsIntegrity: Two way migration~ removing the following partitions from v8",[]]
[10612][1652731918818][shell][info]["userPartitionService~_rectifyTheActivePartitionOfApplication: Setting the active partition to ",null]
[10612][1652731918818][shell][info]["userPartitionService~init: Success"]
[10612][1652731918818][shell][info]["userPartitionService: State of v8 partition system:"]
[10612][1652731918818][shell][info]["userPartitionService: List of partitions:",[]]
[10612][1652731918819][shell][info]["userPartitionService: users global meta:",{"activePartition":null}]
[10612][1652731918819][shell][info]["shell~init~getPartitionToLoad: loading scratchpad partition"]
[10612][1652731918821][shell][info]["init~setViewAttributes - Initializing view with opts:"]
[10612][1652731918822][shell][info]["Shell~init~setViewAttributes: passing scratchpad partition id as ","162e89d7-e91e-4bed-8def-53962d330ce5"]
[10612][1652731918822][shell][info]["Shell~init~setViewAttributes: do we have any logged in users? ",false]
[10612][1652731918822][shell][info]["init~setViewAttributes - Success"]
[10612][1652731920480][shell][info]["Shell~init~sendUsersDataToRenderer",[]]
[10612][1652731920517][shell][info]["Shell~init~sendUsersDataToRenderer",[]]
